  AARect.cpp
C:\Users\alexf\Documents\BSc Games Technology\CTP\CTP_17016942\PathTracerCTP\PathTracerCTP\Vector3.h(17,37): warning C4244: 'return': conversion from 'const double' to 'float', possible loss of data
C:\Users\alexf\Documents\BSc Games Technology\CTP\CTP_17016942\PathTracerCTP\PathTracerCTP\Vector3.h(18,37): warning C4244: 'return': conversion from 'const double' to 'float', possible loss of data
C:\Users\alexf\Documents\BSc Games Technology\CTP\CTP_17016942\PathTracerCTP\PathTracerCTP\Vector3.h(19,37): warning C4244: 'return': conversion from 'const double' to 'float', possible loss of data
C:\Users\alexf\Documents\BSc Games Technology\CTP\CTP_17016942\PathTracerCTP\PathTracerCTP\AABB.h(36,56): warning C4244: 'argument': conversion from 'double' to 'float', possible loss of data
C:\Users\alexf\Documents\BSc Games Technology\CTP\CTP_17016942\PathTracerCTP\PathTracerCTP\AABB.h(36,40): warning C4244: 'argument': conversion from 'double' to 'float', possible loss of data
C:\Users\alexf\Documents\BSc Games Technology\CTP\CTP_17016942\PathTracerCTP\PathTracerCTP\AABB.h(37,47): warning C4244: 'argument': conversion from 'double' to 'float', possible loss of data
C:\Users\alexf\Documents\BSc Games Technology\CTP\CTP_17016942\PathTracerCTP\PathTracerCTP\AABB.h(37,31): warning C4244: 'argument': conversion from 'double' to 'float', possible loss of data
C:\Users\alexf\Documents\BSc Games Technology\CTP\CTP_17016942\PathTracerCTP\PathTracerCTP\AABB.h(41,47): warning C4244: 'argument': conversion from 'double' to 'float', possible loss of data
C:\Users\alexf\Documents\BSc Games Technology\CTP\CTP_17016942\PathTracerCTP\PathTracerCTP\AABB.h(41,31): warning C4244: 'argument': conversion from 'double' to 'float', possible loss of data
C:\Users\alexf\Documents\BSc Games Technology\CTP\CTP_17016942\PathTracerCTP\PathTracerCTP\AABB.h(42,47): warning C4244: 'argument': conversion from 'double' to 'float', possible loss of data
C:\Users\alexf\Documents\BSc Games Technology\CTP\CTP_17016942\PathTracerCTP\PathTracerCTP\AABB.h(42,31): warning C4244: 'argument': conversion from 'double' to 'float', possible loss of data
  Main.cpp
C:\Users\alexf\Documents\BSc Games Technology\CTP\CTP_17016942\PathTracerCTP\PathTracerCTP\Vector3.h(17,37): warning C4244: 'return': conversion from 'const double' to 'float', possible loss of data
C:\Users\alexf\Documents\BSc Games Technology\CTP\CTP_17016942\PathTracerCTP\PathTracerCTP\Vector3.h(18,37): warning C4244: 'return': conversion from 'const double' to 'float', possible loss of data
C:\Users\alexf\Documents\BSc Games Technology\CTP\CTP_17016942\PathTracerCTP\PathTracerCTP\Vector3.h(19,37): warning C4244: 'return': conversion from 'const double' to 'float', possible loss of data
C:\Users\alexf\Documents\BSc Games Technology\CTP\CTP_17016942\PathTracerCTP\PathTracerCTP\Camera.h(22,21): warning C4244: 'initializing': conversion from 'double' to 'float', possible loss of data
C:\Users\alexf\Documents\BSc Games Technology\CTP\CTP_17016942\PathTracerCTP\PathTracerCTP\Camera.h(41,20): warning C4244: 'initializing': conversion from 'double' to 'float', possible loss of data
C:\Users\alexf\Documents\BSc Games Technology\CTP\CTP_17016942\PathTracerCTP\PathTracerCTP\RayTriangleIntercept.h(14,14): warning C4244: 'initializing': conversion from 'double' to 'float', possible loss of data
C:\Users\alexf\Documents\BSc Games Technology\CTP\CTP_17016942\PathTracerCTP\PathTracerCTP\RayTriangleIntercept.h(19,19): warning C4244: 'initializing': conversion from 'double' to 'float', possible loss of data
C:\Users\alexf\Documents\BSc Games Technology\CTP\CTP_17016942\PathTracerCTP\PathTracerCTP\RayTriangleIntercept.h(26,10): warning C4244: 'initializing': conversion from 'double' to 'float', possible loss of data
C:\Users\alexf\Documents\BSc Games Technology\CTP\CTP_17016942\PathTracerCTP\PathTracerCTP\AABB.h(36,56): warning C4244: 'argument': conversion from 'double' to 'float', possible loss of data
C:\Users\alexf\Documents\BSc Games Technology\CTP\CTP_17016942\PathTracerCTP\PathTracerCTP\AABB.h(36,40): warning C4244: 'argument': conversion from 'double' to 'float', possible loss of data
C:\Users\alexf\Documents\BSc Games Technology\CTP\CTP_17016942\PathTracerCTP\PathTracerCTP\AABB.h(37,47): warning C4244: 'argument': conversion from 'double' to 'float', possible loss of data
C:\Users\alexf\Documents\BSc Games Technology\CTP\CTP_17016942\PathTracerCTP\PathTracerCTP\AABB.h(37,31): warning C4244: 'argument': conversion from 'double' to 'float', possible loss of data
C:\Users\alexf\Documents\BSc Games Technology\CTP\CTP_17016942\PathTracerCTP\PathTracerCTP\AABB.h(41,47): warning C4244: 'argument': conversion from 'double' to 'float', possible loss of data
C:\Users\alexf\Documents\BSc Games Technology\CTP\CTP_17016942\PathTracerCTP\PathTracerCTP\AABB.h(41,31): warning C4244: 'argument': conversion from 'double' to 'float', possible loss of data
C:\Users\alexf\Documents\BSc Games Technology\CTP\CTP_17016942\PathTracerCTP\PathTracerCTP\AABB.h(42,47): warning C4244: 'argument': conversion from 'double' to 'float', possible loss of data
C:\Users\alexf\Documents\BSc Games Technology\CTP\CTP_17016942\PathTracerCTP\PathTracerCTP\AABB.h(42,31): warning C4244: 'argument': conversion from 'double' to 'float', possible loss of data
C:\Users\alexf\Documents\BSc Games Technology\CTP\CTP_17016942\PathTracerCTP\PathTracerCTP\Main.cpp(88,20): warning C4244: '=': conversion from 'double' to 'float', possible loss of data
C:\Users\alexf\Documents\BSc Games Technology\CTP\CTP_17016942\PathTracerCTP\PathTracerCTP\Main.cpp(89,20): warning C4244: '=': conversion from 'double' to 'float', possible loss of data
C:\Users\alexf\Documents\BSc Games Technology\CTP\CTP_17016942\PathTracerCTP\PathTracerCTP\Main.cpp(90,20): warning C4244: '=': conversion from 'double' to 'float', possible loss of data
C:\Users\alexf\Documents\BSc Games Technology\CTP\CTP_17016942\PathTracerCTP\PathTracerCTP\Main.cpp(265,15): warning C4129: 'D': unrecognized character escape sequence
C:\Users\alexf\Documents\BSc Games Technology\CTP\CTP_17016942\PathTracerCTP\PathTracerCTP\Main.cpp(266,15): warning C4129: 'T': unrecognized character escape sequence
C:\Users\alexf\Documents\BSc Games Technology\CTP\CTP_17016942\PathTracerCTP\PathTracerCTP\Main.cpp(267,15): warning C4129: 'N': unrecognized character escape sequence
  Sphere.cpp
C:\Users\alexf\Documents\BSc Games Technology\CTP\CTP_17016942\PathTracerCTP\PathTracerCTP\Vector3.h(17,37): warning C4244: 'return': conversion from 'const double' to 'float', possible loss of data
C:\Users\alexf\Documents\BSc Games Technology\CTP\CTP_17016942\PathTracerCTP\PathTracerCTP\Vector3.h(18,37): warning C4244: 'return': conversion from 'const double' to 'float', possible loss of data
C:\Users\alexf\Documents\BSc Games Technology\CTP\CTP_17016942\PathTracerCTP\PathTracerCTP\Vector3.h(19,37): warning C4244: 'return': conversion from 'const double' to 'float', possible loss of data
C:\Users\alexf\Documents\BSc Games Technology\CTP\CTP_17016942\PathTracerCTP\PathTracerCTP\AABB.h(36,56): warning C4244: 'argument': conversion from 'double' to 'float', possible loss of data
C:\Users\alexf\Documents\BSc Games Technology\CTP\CTP_17016942\PathTracerCTP\PathTracerCTP\AABB.h(36,40): warning C4244: 'argument': conversion from 'double' to 'float', possible loss of data
C:\Users\alexf\Documents\BSc Games Technology\CTP\CTP_17016942\PathTracerCTP\PathTracerCTP\AABB.h(37,47): warning C4244: 'argument': conversion from 'double' to 'float', possible loss of data
C:\Users\alexf\Documents\BSc Games Technology\CTP\CTP_17016942\PathTracerCTP\PathTracerCTP\AABB.h(37,31): warning C4244: 'argument': conversion from 'double' to 'float', possible loss of data
C:\Users\alexf\Documents\BSc Games Technology\CTP\CTP_17016942\PathTracerCTP\PathTracerCTP\AABB.h(41,47): warning C4244: 'argument': conversion from 'double' to 'float', possible loss of data
C:\Users\alexf\Documents\BSc Games Technology\CTP\CTP_17016942\PathTracerCTP\PathTracerCTP\AABB.h(41,31): warning C4244: 'argument': conversion from 'double' to 'float', possible loss of data
C:\Users\alexf\Documents\BSc Games Technology\CTP\CTP_17016942\PathTracerCTP\PathTracerCTP\AABB.h(42,47): warning C4244: 'argument': conversion from 'double' to 'float', possible loss of data
C:\Users\alexf\Documents\BSc Games Technology\CTP\CTP_17016942\PathTracerCTP\PathTracerCTP\AABB.h(42,31): warning C4244: 'argument': conversion from 'double' to 'float', possible loss of data
  Triangle.cpp
C:\Users\alexf\Documents\BSc Games Technology\CTP\CTP_17016942\PathTracerCTP\PathTracerCTP\Vector3.h(17,37): warning C4244: 'return': conversion from 'const double' to 'float', possible loss of data
C:\Users\alexf\Documents\BSc Games Technology\CTP\CTP_17016942\PathTracerCTP\PathTracerCTP\Vector3.h(18,37): warning C4244: 'return': conversion from 'const double' to 'float', possible loss of data
C:\Users\alexf\Documents\BSc Games Technology\CTP\CTP_17016942\PathTracerCTP\PathTracerCTP\Vector3.h(19,37): warning C4244: 'return': conversion from 'const double' to 'float', possible loss of data
C:\Users\alexf\Documents\BSc Games Technology\CTP\CTP_17016942\PathTracerCTP\PathTracerCTP\Triangle.cpp(10,14): warning C4244: 'initializing': conversion from 'double' to 'float', possible loss of data
C:\Users\alexf\Documents\BSc Games Technology\CTP\CTP_17016942\PathTracerCTP\PathTracerCTP\Triangle.cpp(15,19): warning C4244: 'initializing': conversion from 'double' to 'float', possible loss of data
C:\Users\alexf\Documents\BSc Games Technology\CTP\CTP_17016942\PathTracerCTP\PathTracerCTP\Triangle.cpp(22,10): warning C4244: 'initializing': conversion from 'double' to 'float', possible loss of data
Main.obj : error LNK2001: unresolved external symbol "__declspec(dllimport) public: static class sf::RenderStates const sf::RenderStates::Default" (__imp_?Default@RenderStates@sf@@2V12@B)
Main.obj : error LNK2001: unresolved external symbol "__declspec(dllimport) public: bool __thiscall sf::Texture::loadFromImage(class sf::Image const &,class sf::Rect<int> const &)" (__imp_?loadFromImage@Texture@sf@@QAE_NABVImage@2@ABV?$Rect@H@2@@Z)
Main.obj : error LNK2001: unresolved external symbol "__declspec(dllimport) public: __thiscall sf::Texture::~Texture(void)" (__imp_??1Texture@sf@@QAE@XZ)
Main.obj : error LNK2001: unresolved external symbol "__declspec(dllimport) public: __thiscall sf::Texture::Texture(void)" (__imp_??0Texture@sf@@QAE@XZ)
Main.obj : error LNK2001: unresolved external symbol "__declspec(dllimport) public: virtual __thiscall sf::RenderWindow::~RenderWindow(void)" (__imp_??1RenderWindow@sf@@UAE@XZ)
Main.obj : error LNK2001: unresolved external symbol "__declspec(dllimport) public: __thiscall sf::RenderWindow::RenderWindow(class sf::VideoMode,class sf::String const &,unsigned int,struct sf::ContextSettings const &)" (__imp_??0RenderWindow@sf@@QAE@VVideoMode@1@ABVString@1@IABUContextSettings@1@@Z)
Main.obj : error LNK2001: unresolved external symbol "__declspec(dllimport) public: __thiscall sf::Color::Color(unsigned char,unsigned char,unsigned char,unsigned char)" (__imp_??0Color@sf@@QAE@EEEE@Z)
Main.obj : error LNK2001: unresolved external symbol "__declspec(dllimport) public: void __thiscall sf::Image::flipVertically(void)" (__imp_?flipVertically@Image@sf@@QAEXXZ)
Main.obj : error LNK2001: unresolved external symbol "__declspec(dllimport) public: void __thiscall sf::Image::setPixel(unsigned int,unsigned int,class sf::Color const &)" (__imp_?setPixel@Image@sf@@QAEXIIABVColor@2@@Z)
Main.obj : error LNK2001: unresolved external symbol "__declspec(dllimport) public: void __thiscall sf::Image::create(unsigned int,unsigned int,class sf::Color const &)" (__imp_?create@Image@sf@@QAEXIIABVColor@2@@Z)
Main.obj : error LNK2001: unresolved external symbol "__declspec(dllimport) public: __thiscall sf::Image::~Image(void)" (__imp_??1Image@sf@@QAE@XZ)
Main.obj : error LNK2001: unresolved external symbol "__declspec(dllimport) public: __thiscall sf::Image::Image(void)" (__imp_??0Image@sf@@QAE@XZ)
Main.obj : error LNK2001: unresolved external symbol "__declspec(dllimport) public: void __thiscall sf::Window::display(void)" (__imp_?display@Window@sf@@QAEXXZ)
Main.obj : error LNK2001: unresolved external symbol "__declspec(dllimport) public: bool __thiscall sf::Window::pollEvent(class sf::Event &)" (__imp_?pollEvent@Window@sf@@QAE_NAAVEvent@2@@Z)
Main.obj : error LNK2001: unresolved external symbol "__declspec(dllimport) public: bool __thiscall sf::Window::isOpen(void)const " (__imp_?isOpen@Window@sf@@QBE_NXZ)
Main.obj : error LNK2001: unresolved external symbol "__declspec(dllimport) public: void __thiscall sf::Window::close(void)" (__imp_?close@Window@sf@@QAEXXZ)
Main.obj : error LNK2001: unresolved external symbol "__declspec(dllimport) public: void __thiscall sf::RenderTarget::draw(class sf::Drawable const &,class sf::RenderStates const &)" (__imp_?draw@RenderTarget@sf@@QAEXABVDrawable@2@ABVRenderStates@2@@Z)
Main.obj : error LNK2001: unresolved external symbol "__declspec(dllimport) public: void __thiscall sf::RenderTarget::clear(class sf::Color const &)" (__imp_?clear@RenderTarget@sf@@QAEXABVColor@2@@Z)
Main.obj : error LNK2001: unresolved external symbol "__declspec(dllimport) public: __thiscall sf::String::String(char const *,class std::locale const &)" (__imp_??0String@sf@@QAE@PBDABVlocale@std@@@Z)
Main.obj : error LNK2001: unresolved external symbol "__declspec(dllimport) public: __thiscall sf::VideoMode::VideoMode(unsigned int,unsigned int,unsigned int)" (__imp_??0VideoMode@sf@@QAE@III@Z)
Main.obj : error LNK2001: unresolved external symbol "__declspec(dllimport) public: void __thiscall sf::Sprite::setTexture(class sf::Texture const &,bool)" (__imp_?setTexture@Sprite@sf@@QAEXABVTexture@2@_N@Z)
Main.obj : error LNK2001: unresolved external symbol "__declspec(dllimport) public: __thiscall sf::Sprite::Sprite(void)" (__imp_??0Sprite@sf@@QAE@XZ)
Main.obj : error LNK2001: unresolved external symbol "__declspec(dllimport) public: virtual __thiscall sf::Sprite::~Sprite(void)" (__imp_??1Sprite@sf@@UAE@XZ)
Main.obj : error LNK2001: unresolved external symbol "__declspec(dllimport) public: __thiscall sf::String::~String(void)" (__imp_??1String@sf@@QAE@XZ)
C:\Users\alexf\Documents\BSc Games Technology\CTP\CTP_17016942\PathTracerCTP\Release\PathTracerCTP.exe : fatal error LNK1120: 24 unresolved externals
