  Main.cpp
C:\Users\alexf\Documents\BSc Games Technology\CTP\CTP_17016942\PathTracerCTP\PathTracerCTP\Vector3.h(17,37): warning C4244: 'return': conversion from 'const double' to 'float', possible loss of data
C:\Users\alexf\Documents\BSc Games Technology\CTP\CTP_17016942\PathTracerCTP\PathTracerCTP\Vector3.h(18,37): warning C4244: 'return': conversion from 'const double' to 'float', possible loss of data
C:\Users\alexf\Documents\BSc Games Technology\CTP\CTP_17016942\PathTracerCTP\PathTracerCTP\Vector3.h(19,37): warning C4244: 'return': conversion from 'const double' to 'float', possible loss of data
C:\Users\alexf\Documents\BSc Games Technology\CTP\CTP_17016942\PathTracerCTP\PathTracerCTP\Camera.h(22,21): warning C4244: 'initializing': conversion from 'double' to 'float', possible loss of data
C:\Users\alexf\Documents\BSc Games Technology\CTP\CTP_17016942\PathTracerCTP\PathTracerCTP\Camera.h(41,20): warning C4244: 'initializing': conversion from 'double' to 'float', possible loss of data
C:\Users\alexf\Documents\BSc Games Technology\CTP\CTP_17016942\PathTracerCTP\PathTracerCTP\AABB.h(36,56): warning C4244: 'argument': conversion from 'double' to 'float', possible loss of data
C:\Users\alexf\Documents\BSc Games Technology\CTP\CTP_17016942\PathTracerCTP\PathTracerCTP\AABB.h(36,40): warning C4244: 'argument': conversion from 'double' to 'float', possible loss of data
C:\Users\alexf\Documents\BSc Games Technology\CTP\CTP_17016942\PathTracerCTP\PathTracerCTP\AABB.h(37,47): warning C4244: 'argument': conversion from 'double' to 'float', possible loss of data
C:\Users\alexf\Documents\BSc Games Technology\CTP\CTP_17016942\PathTracerCTP\PathTracerCTP\AABB.h(37,31): warning C4244: 'argument': conversion from 'double' to 'float', possible loss of data
C:\Users\alexf\Documents\BSc Games Technology\CTP\CTP_17016942\PathTracerCTP\PathTracerCTP\AABB.h(41,47): warning C4244: 'argument': conversion from 'double' to 'float', possible loss of data
C:\Users\alexf\Documents\BSc Games Technology\CTP\CTP_17016942\PathTracerCTP\PathTracerCTP\AABB.h(41,31): warning C4244: 'argument': conversion from 'double' to 'float', possible loss of data
C:\Users\alexf\Documents\BSc Games Technology\CTP\CTP_17016942\PathTracerCTP\PathTracerCTP\AABB.h(42,47): warning C4244: 'argument': conversion from 'double' to 'float', possible loss of data
C:\Users\alexf\Documents\BSc Games Technology\CTP\CTP_17016942\PathTracerCTP\PathTracerCTP\AABB.h(42,31): warning C4244: 'argument': conversion from 'double' to 'float', possible loss of data
C:\Users\alexf\Documents\BSc Games Technology\CTP\CTP_17016942\PathTracerCTP\PathTracerCTP\Main.cpp(54,20): warning C4244: '=': conversion from 'double' to 'float', possible loss of data
C:\Users\alexf\Documents\BSc Games Technology\CTP\CTP_17016942\PathTracerCTP\PathTracerCTP\Main.cpp(55,20): warning C4244: '=': conversion from 'double' to 'float', possible loss of data
C:\Users\alexf\Documents\BSc Games Technology\CTP\CTP_17016942\PathTracerCTP\PathTracerCTP\Main.cpp(56,20): warning C4244: '=': conversion from 'double' to 'float', possible loss of data
C:\Users\alexf\Documents\BSc Games Technology\CTP\CTP_17016942\PathTracerCTP\PathTracerCTP\Main.cpp(192,15): warning C4129: 'N': unrecognized character escape sequence
C:\Users\alexf\Documents\BSc Games Technology\CTP\CTP_17016942\PathTracerCTP\PathTracerCTP\Main.cpp(220,15): warning C4129: 'D': unrecognized character escape sequence
C:\Users\alexf\Documents\BSc Games Technology\CTP\CTP_17016942\PathTracerCTP\PathTracerCTP\Main.cpp(221,15): warning C4129: 'T': unrecognized character escape sequence
C:\Users\alexf\Documents\BSc Games Technology\CTP\CTP_17016942\PathTracerCTP\PathTracerCTP\Main.cpp(222,15): warning C4129: 'N': unrecognized character escape sequence
  Generating code
  2 of 511 functions ( 0.4%) were compiled, the rest were copied from previous compilation.
    0 functions were new in current compilation
    0 functions had inline decision re-evaluated but remain unchanged
  Finished generating code
  PathTracerCTP.vcxproj -> C:\Users\alexf\Documents\BSc Games Technology\CTP\CTP_17016942\PathTracerCTP\x64\Release\PathTracerCTP.exe
